<?xml version="1.0" encoding="UTF-8"?>
<testsuite xmlns:xsi="http://www.w3.org/2001/XMLSchema-instance" xsi:noNamespaceSchemaLocation="https://maven.apache.org/surefire/maven-surefire-plugin/xsd/surefire-test-report.xsd" name="test.outfitTest" time="0.023" tests="4" errors="0" skipped="0" failures="0">
  <properties>
[...]
</properties>
  <testcase name="testTopConstruction" classname="test.outfitTest" time="0.017"/>
  <testcase name="testPantsDontFit" classname="test.outfitTest" time="0"/>
  <testcase name="testPantsConstruction" classname="test.outfitTest" time="0"/>
  <testcase name="testTopDoesntFit" classname="test.outfitTest" time="0.001"/>
</testsuite>